TN:
SF:controllers\analysisController.js
FN:10,generateDeveloperTests
FN:51,generateTesterTests
FN:98,generateProductManagerTests
FN:140,(anonymous_3)
FN:239,(anonymous_4)
FN:335,(anonymous_5)
FN:359,(anonymous_6)
FN:381,(anonymous_7)
FN:405,(anonymous_8)
FN:427,(anonymous_9)
FN:577,(anonymous_10)
FN:620,(anonymous_11)
FN:707,(anonymous_12)
FN:869,(anonymous_13)
FN:955,(anonymous_14)
FN:972,(anonymous_15)
FN:977,(anonymous_16)
FN:981,(anonymous_17)
FN:1006,(anonymous_18)
FN:1031,(anonymous_19)
FN:1039,(anonymous_20)
FN:1042,(anonymous_21)
FN:1043,(anonymous_22)
FN:1049,(anonymous_23)
FN:1056,(anonymous_24)
FN:1057,(anonymous_25)
FN:1058,(anonymous_26)
FN:1102,(anonymous_27)
FN:1118,(anonymous_28)
FN:1141,(anonymous_29)
FN:1272,(anonymous_30)
FN:1273,(anonymous_31)
FN:1274,(anonymous_32)
FN:1311,(anonymous_33)
FNF:34
FNH:16
FNDA:2,generateDeveloperTests
FNDA:1,generateTesterTests
FNDA:0,generateProductManagerTests
FNDA:3,(anonymous_3)
FNDA:0,(anonymous_4)
FNDA:0,(anonymous_5)
FNDA:0,(anonymous_6)
FNDA:0,(anonymous_7)
FNDA:0,(anonymous_8)
FNDA:0,(anonymous_9)
FNDA:0,(anonymous_10)
FNDA:0,(anonymous_11)
FNDA:4,(anonymous_12)
FNDA:0,(anonymous_13)
FNDA:1,(anonymous_14)
FNDA:0,(anonymous_15)
FNDA:0,(anonymous_16)
FNDA:0,(anonymous_17)
FNDA:2,(anonymous_18)
FNDA:2,(anonymous_19)
FNDA:6,(anonymous_20)
FNDA:4,(anonymous_21)
FNDA:4,(anonymous_22)
FNDA:2,(anonymous_23)
FNDA:2,(anonymous_24)
FNDA:2,(anonymous_25)
FNDA:2,(anonymous_26)
FNDA:1,(anonymous_27)
FNDA:0,(anonymous_28)
FNDA:2,(anonymous_29)
FNDA:0,(anonymous_30)
FNDA:0,(anonymous_31)
FNDA:0,(anonymous_32)
FNDA:0,(anonymous_33)
DA:1,1
DA:2,1
DA:3,1
DA:4,1
DA:5,1
DA:6,1
DA:7,1
DA:11,2
DA:48,2
DA:52,1
DA:95,1
DA:99,0
DA:136,0
DA:141,3
DA:142,3
DA:143,3
DA:144,3
DA:145,3
DA:148,3
DA:149,0
DA:151,0
DA:152,0
DA:153,0
DA:159,0
DA:160,0
DA:161,0
DA:169,3
DA:170,0
DA:172,0
DA:173,0
DA:174,0
DA:180,0
DA:181,0
DA:182,0
DA:189,3
DA:190,2
DA:192,2
DA:201,2
DA:204,2
DA:207,2
DA:208,2
DA:209,2
DA:210,0
DA:218,2
DA:222,2
DA:234,1
DA:235,1
DA:240,0
DA:241,0
DA:242,0
DA:243,0
DA:244,0
DA:247,0
DA:248,0
DA:250,0
DA:251,0
DA:252,0
DA:258,0
DA:259,0
DA:260,0
DA:268,0
DA:269,0
DA:271,0
DA:272,0
DA:273,0
DA:279,0
DA:280,0
DA:281,0
DA:288,0
DA:289,0
DA:291,0
DA:300,0
DA:303,0
DA:304,0
DA:305,0
DA:306,0
DA:314,0
DA:318,0
DA:329,0
DA:330,0
DA:336,0
DA:337,0
DA:338,0
DA:344,0
DA:345,0
DA:347,0
DA:349,0
DA:350,0
DA:356,0
DA:359,0
DA:361,0
DA:362,0
DA:364,0
DA:375,0
DA:376,0
DA:382,0
DA:383,0
DA:384,0
DA:390,0
DA:391,0
DA:393,0
DA:395,0
DA:396,0
DA:402,0
DA:405,0
DA:407,0
DA:408,0
DA:410,0
DA:421,0
DA:422,0
DA:428,0
DA:429,0
DA:431,0
DA:432,0
DA:444,0
DA:446,0
DA:447,0
DA:448,0
DA:452,0
DA:455,0
DA:456,0
DA:457,0
DA:461,0
DA:464,0
DA:465,0
DA:469,0
DA:472,0
DA:473,0
DA:474,0
DA:479,0
DA:482,0
DA:483,0
DA:486,0
DA:489,0
DA:496,0
DA:497,0
DA:500,0
DA:501,0
DA:506,0
DA:507,0
DA:512,0
DA:520,0
DA:521,0
DA:524,0
DA:532,0
DA:546,0
DA:550,0
DA:551,0
DA:553,0
DA:554,0
DA:555,0
DA:556,0
DA:557,0
DA:558,0
DA:559,0
DA:560,0
DA:561,0
DA:564,0
DA:578,0
DA:611,0
DA:621,0
DA:622,0
DA:624,0
DA:625,0
DA:632,0
DA:633,0
DA:634,0
DA:640,0
DA:641,0
DA:644,0
DA:646,0
DA:647,0
DA:648,0
DA:650,0
DA:651,0
DA:654,0
DA:655,0
DA:656,0
DA:657,0
DA:658,0
DA:659,0
DA:661,0
DA:666,0
DA:667,0
DA:673,0
DA:675,0
DA:687,0
DA:688,0
DA:693,0
DA:697,0
DA:698,0
DA:708,4
DA:709,4
DA:710,4
DA:711,4
DA:712,4
DA:715,4
DA:716,1
DA:718,1
DA:720,1
DA:721,1
DA:722,0
DA:728,1
DA:729,1
DA:732,1
DA:733,1
DA:735,1
DA:736,0
DA:738,0
DA:739,0
DA:742,0
DA:743,0
DA:744,0
DA:745,0
DA:746,0
DA:747,0
DA:749,0
DA:754,0
DA:755,0
DA:761,0
DA:762,0
DA:763,0
DA:769,0
DA:772,1
DA:773,1
DA:781,3
DA:782,0
DA:784,0
DA:785,0
DA:786,0
DA:792,0
DA:793,0
DA:794,0
DA:800,3
DA:801,0
DA:807,3
DA:808,3
DA:810,3
DA:821,3
DA:823,2
DA:824,2
DA:826,1
DA:827,1
DA:829,0
DA:830,0
DA:832,0
DA:836,3
DA:837,3
DA:838,3
DA:846,3
DA:850,3
DA:861,0
DA:862,0
DA:870,0
DA:882,0
DA:884,0
DA:885,0
DA:892,0
DA:893,0
DA:894,0
DA:911,0
DA:914,0
DA:934,0
DA:935,0
DA:936,0
DA:938,0
DA:942,0
DA:949,0
DA:950,0
DA:956,1
DA:957,1
DA:958,0
DA:964,1
DA:965,1
DA:967,1
DA:968,1
DA:971,1
DA:972,0
DA:976,1
DA:977,0
DA:981,1
DA:983,1
DA:984,1
DA:986,1
DA:1000,0
DA:1001,0
DA:1007,2
DA:1008,2
DA:1009,0
DA:1015,2
DA:1017,2
DA:1018,0
DA:1025,2
DA:1026,2
DA:1027,2
DA:1030,2
DA:1031,2
DA:1032,2
DA:1033,2
DA:1038,2
DA:1039,2
DA:1040,6
DA:1042,4
DA:1043,4
DA:1048,2
DA:1049,2
DA:1050,2
DA:1053,2
DA:1054,2
DA:1056,2
DA:1057,2
DA:1058,2
DA:1060,2
DA:1083,2
DA:1090,2
DA:1096,0
DA:1097,0
DA:1103,1
DA:1104,1
DA:1105,0
DA:1111,1
DA:1112,1
DA:1114,1
DA:1115,1
DA:1118,1
DA:1120,1
DA:1121,1
DA:1123,1
DA:1135,0
DA:1136,0
DA:1142,2
DA:1143,2
DA:1145,2
DA:1146,0
DA:1152,2
DA:1160,2
DA:1213,2
DA:1232,2
DA:1233,0
DA:1236,2
DA:1237,2
DA:1241,2
DA:1243,2
DA:1244,2
DA:1245,2
DA:1247,0
DA:1250,0
DA:1252,0
DA:1265,2
DA:1266,0
DA:1267,0
DA:1268,0
DA:1272,0
DA:1273,0
DA:1274,0
DA:1283,0
DA:1284,0
DA:1286,0
DA:1287,0
DA:1291,2
DA:1296,2
DA:1302,0
DA:1303,0
DA:1312,0
DA:1313,0
DA:1315,0
DA:1316,0
DA:1324,0
DA:1331,0
DA:1332,0
DA:1334,0
DA:1341,0
DA:1342,0
DA:1347,1
LF:374
LH:128
BRDA:148,0,0,0
BRDA:148,0,1,3
BRDA:148,1,0,3
BRDA:148,1,1,0
BRDA:152,2,0,0
BRDA:152,2,1,0
BRDA:169,3,0,0
BRDA:169,3,1,3
BRDA:169,4,0,3
BRDA:169,4,1,0
BRDA:173,5,0,0
BRDA:173,5,1,0
BRDA:197,6,0,2
BRDA:197,6,1,0
BRDA:207,7,0,2
BRDA:207,7,1,0
BRDA:247,8,0,0
BRDA:247,8,1,0
BRDA:247,9,0,0
BRDA:247,9,1,0
BRDA:251,10,0,0
BRDA:251,10,1,0
BRDA:268,11,0,0
BRDA:268,11,1,0
BRDA:268,12,0,0
BRDA:268,12,1,0
BRDA:272,13,0,0
BRDA:272,13,1,0
BRDA:296,14,0,0
BRDA:296,14,1,0
BRDA:303,15,0,0
BRDA:303,15,1,0
BRDA:337,16,0,0
BRDA:337,16,1,0
BRDA:344,17,0,0
BRDA:344,18,0,0
BRDA:349,19,0,0
BRDA:349,19,1,0
BRDA:356,20,0,0
BRDA:356,20,1,0
BRDA:383,21,0,0
BRDA:383,21,1,0
BRDA:390,22,0,0
BRDA:390,23,0,0
BRDA:395,24,0,0
BRDA:395,24,1,0
BRDA:402,25,0,0
BRDA:402,25,1,0
BRDA:429,26,0,0
BRDA:431,27,0,0
BRDA:431,27,1,0
BRDA:444,28,0,0
BRDA:444,28,1,0
BRDA:444,28,2,0
BRDA:444,28,3,0
BRDA:444,28,4,0
BRDA:444,28,5,0
BRDA:496,29,0,0
BRDA:496,29,1,0
BRDA:500,30,0,0
BRDA:500,30,1,0
BRDA:506,31,0,0
BRDA:506,31,1,0
BRDA:520,32,0,0
BRDA:520,32,1,0
BRDA:527,33,0,0
BRDA:527,33,1,0
BRDA:529,34,0,0
BRDA:529,34,1,0
BRDA:538,35,0,0
BRDA:538,35,1,0
BRDA:550,36,0,0
BRDA:554,37,0,0
BRDA:554,37,1,0
BRDA:556,38,0,0
BRDA:556,38,1,0
BRDA:558,39,0,0
BRDA:558,39,1,0
BRDA:560,40,0,0
BRDA:560,40,1,0
BRDA:611,41,0,0
BRDA:611,41,1,0
BRDA:624,42,0,0
BRDA:624,42,1,0
BRDA:633,43,0,0
BRDA:633,43,1,0
BRDA:655,44,0,0
BRDA:655,44,1,0
BRDA:655,45,0,0
BRDA:655,45,1,0
BRDA:666,46,0,0
BRDA:666,46,1,0
BRDA:687,47,0,0
BRDA:687,47,1,0
BRDA:715,48,0,1
BRDA:715,48,1,3
BRDA:715,49,0,4
BRDA:715,49,1,1
BRDA:721,50,0,0
BRDA:721,50,1,1
BRDA:743,51,0,0
BRDA:743,51,1,0
BRDA:743,52,0,0
BRDA:743,52,1,0
BRDA:754,53,0,0
BRDA:754,53,1,0
BRDA:781,54,0,0
BRDA:781,54,1,3
BRDA:781,55,0,3
BRDA:781,55,1,0
BRDA:785,56,0,0
BRDA:785,56,1,0
BRDA:800,57,0,0
BRDA:800,57,1,3
BRDA:800,58,0,3
BRDA:800,58,1,3
BRDA:815,59,0,3
BRDA:815,59,1,0
BRDA:821,60,0,2
BRDA:821,60,1,1
BRDA:821,60,2,0
BRDA:821,60,3,0
BRDA:836,61,0,3
BRDA:836,61,1,0
BRDA:884,62,0,0
BRDA:884,62,1,0
BRDA:884,63,0,0
BRDA:884,63,1,0
BRDA:893,64,0,0
BRDA:893,64,1,0
BRDA:918,65,0,0
BRDA:918,65,1,0
BRDA:919,66,0,0
BRDA:919,66,1,0
BRDA:921,67,0,0
BRDA:921,67,1,0
BRDA:924,68,0,0
BRDA:924,68,1,0
BRDA:928,69,0,0
BRDA:928,69,1,0
BRDA:934,70,0,0
BRDA:934,70,1,0
BRDA:957,71,0,0
BRDA:957,71,1,1
BRDA:964,72,0,1
BRDA:964,73,0,1
BRDA:968,74,0,1
BRDA:968,74,1,0
BRDA:971,75,0,0
BRDA:971,75,1,1
BRDA:976,76,0,0
BRDA:976,76,1,1
BRDA:1008,77,0,0
BRDA:1008,77,1,2
BRDA:1017,78,0,0
BRDA:1017,78,1,2
BRDA:1025,79,0,2
BRDA:1025,79,1,0
BRDA:1026,80,0,2
BRDA:1026,80,1,0
BRDA:1027,81,0,2
BRDA:1027,81,1,0
BRDA:1032,82,0,2
BRDA:1032,82,1,0
BRDA:1040,83,0,4
BRDA:1040,83,1,2
BRDA:1049,84,0,2
BRDA:1049,84,1,2
BRDA:1050,85,0,2
BRDA:1050,85,1,0
BRDA:1061,86,0,2
BRDA:1061,86,1,0
BRDA:1062,87,0,2
BRDA:1062,87,1,0
BRDA:1104,88,0,0
BRDA:1104,88,1,1
BRDA:1111,89,0,1
BRDA:1111,90,0,1
BRDA:1115,91,0,1
BRDA:1115,91,1,0
BRDA:1145,92,0,0
BRDA:1145,92,1,2
BRDA:1145,93,0,2
BRDA:1145,93,1,0
BRDA:1155,94,0,2
BRDA:1155,94,1,0
BRDA:1163,95,0,2
BRDA:1163,95,1,0
BRDA:1232,96,0,0
BRDA:1232,96,1,2
BRDA:1244,97,0,2
BRDA:1244,97,1,0
BRDA:1265,98,0,0
BRDA:1265,98,1,2
BRDA:1265,99,0,2
BRDA:1265,99,1,2
BRDA:1265,99,2,0
BRDA:1267,100,0,0
BRDA:1267,100,1,0
BRDA:1272,101,0,0
BRDA:1272,101,1,0
BRDA:1273,102,0,0
BRDA:1273,102,1,0
BRDA:1274,103,0,0
BRDA:1274,103,1,0
BRDA:1283,104,0,0
BRDA:1283,104,1,0
BRDA:1293,105,0,2
BRDA:1293,105,1,2
BRDA:1315,106,0,0
BRDA:1315,106,1,0
BRDA:1315,107,0,0
BRDA:1315,107,1,0
BRDA:1328,108,0,0
BRDA:1328,108,1,0
BRF:215
BRH:54
end_of_record
TN:
SF:controllers\authController.js
FN:7,(anonymous_0)
FN:100,(anonymous_1)
FN:122,(anonymous_2)
FN:198,(anonymous_3)
FN:231,(anonymous_4)
FN:271,(anonymous_5)
FNF:6
FNH:0
FNDA:0,(anonymous_0)
FNDA:0,(anonymous_1)
FNDA:0,(anonymous_2)
FNDA:0,(anonymous_3)
FNDA:0,(anonymous_4)
FNDA:0,(anonymous_5)
DA:1,0
DA:2,0
DA:3,0
DA:4,0
DA:7,0
DA:8,0
DA:9,0
DA:12,0
DA:13,0
DA:19,0
DA:20,0
DA:27,0
DA:28,0
DA:29,0
DA:36,0
DA:39,0
DA:40,0
DA:47,0
DA:48,0
DA:49,0
DA:56,0
DA:57,0
DA:58,0
DA:65,0
DA:73,0
DA:76,0
DA:79,0
DA:81,0
DA:83,0
DA:97,0
DA:99,0
DA:100,0
DA:101,0
DA:107,0
DA:108,0
DA:114,0
DA:122,0
DA:123,0
DA:124,0
DA:127,0
DA:128,0
DA:135,0
DA:136,0
DA:137,0
DA:144,0
DA:145,0
DA:152,0
DA:153,0
DA:154,0
DA:161,0
DA:162,0
DA:163,0
DA:167,0
DA:170,0
DA:172,0
DA:174,0
DA:189,0
DA:190,0
DA:198,0
DA:199,0
DA:200,0
DA:201,0
DA:202,0
DA:208,0
DA:222,0
DA:223,0
DA:231,0
DA:232,0
DA:233,0
DA:234,0
DA:236,0
DA:237,0
DA:243,0
DA:244,0
DA:247,0
DA:249,0
DA:262,0
DA:263,0
DA:271,0
DA:272,0
DA:273,0
DA:274,0
DA:279,0
DA:280,0
DA:287,0
LF:85
LH:0
BRDA:12,0,0,0
BRDA:12,0,1,0
BRDA:12,1,0,0
BRDA:12,1,1,0
BRDA:12,1,2,0
BRDA:12,1,3,0
BRDA:19,2,0,0
BRDA:19,2,1,0
BRDA:28,3,0,0
BRDA:28,3,1,0
BRDA:28,4,0,0
BRDA:28,4,1,0
BRDA:36,5,0,0
BRDA:36,5,1,0
BRDA:39,6,0,0
BRDA:39,6,1,0
BRDA:48,7,0,0
BRDA:48,7,1,0
BRDA:51,8,0,0
BRDA:51,8,1,0
BRDA:57,9,0,0
BRDA:57,9,1,0
BRDA:99,10,0,0
BRDA:99,10,1,0
BRDA:107,11,0,0
BRDA:107,11,1,0
BRDA:127,12,0,0
BRDA:127,12,1,0
BRDA:127,13,0,0
BRDA:127,13,1,0
BRDA:136,14,0,0
BRDA:136,14,1,0
BRDA:144,15,0,0
BRDA:144,15,1,0
BRDA:153,16,0,0
BRDA:153,16,1,0
BRDA:161,17,0,0
BRDA:161,17,1,0
BRDA:201,18,0,0
BRDA:201,18,1,0
BRDA:236,19,0,0
BRDA:236,19,1,0
BRDA:243,20,0,0
BRDA:243,20,1,0
BRF:44
BRH:0
end_of_record
TN:
SF:models\User.js
FN:122,(anonymous_0)
FN:142,(anonymous_1)
FN:147,(anonymous_2)
FN:153,(anonymous_3)
FN:159,(anonymous_4)
FN:165,(anonymous_5)
FN:175,(anonymous_6)
FN:185,(anonymous_7)
FN:195,(anonymous_8)
FN:200,(anonymous_9)
FNF:10
FNH:0
FNDA:0,(anonymous_0)
FNDA:0,(anonymous_1)
FNDA:0,(anonymous_2)
FNDA:0,(anonymous_3)
FNDA:0,(anonymous_4)
FNDA:0,(anonymous_5)
FNDA:0,(anonymous_6)
FNDA:0,(anonymous_7)
FNDA:0,(anonymous_8)
FNDA:0,(anonymous_9)
DA:1,1
DA:2,1
DA:4,1
DA:122,1
DA:124,0
DA:125,0
DA:129,0
DA:131,0
DA:133,0
DA:134,0
DA:135,0
DA:137,0
DA:142,1
DA:143,0
DA:147,1
DA:148,0
DA:149,0
DA:153,1
DA:154,0
DA:155,0
DA:159,1
DA:160,0
DA:161,0
DA:165,1
DA:166,0
DA:168,0
DA:169,0
DA:171,0
DA:175,1
DA:176,0
DA:178,0
DA:179,0
DA:181,0
DA:185,1
DA:186,0
DA:188,0
DA:189,0
DA:191,0
DA:195,1
DA:196,0
DA:200,1
DA:201,0
DA:202,0
DA:203,0
DA:206,1
LF:45
LH:14
BRDA:124,0,0,0
BRDA:124,0,1,0
BRDA:129,1,0,0
BRDA:129,1,1,0
BRDA:168,2,0,0
BRDA:168,2,1,0
BRDA:178,3,0,0
BRDA:178,3,1,0
BRDA:188,4,0,0
BRDA:188,4,1,0
BRF:10
BRH:0
end_of_record
TN:
SF:services\deepseekService.js
FN:5,(anonymous_0)
FN:12,(anonymous_1)
FN:50,(anonymous_2)
FN:81,(anonymous_3)
FN:147,(anonymous_4)
FN:183,(anonymous_5)
FN:209,(anonymous_6)
FN:231,(anonymous_7)
FN:314,(anonymous_8)
FN:324,(anonymous_9)
FN:339,(anonymous_10)
FN:361,(anonymous_11)
FN:397,(anonymous_12)
FN:406,(anonymous_13)
FN:473,(anonymous_14)
FN:508,(anonymous_15)
FN:543,(anonymous_16)
FN:565,(anonymous_17)
FN:587,(anonymous_18)
FN:628,(anonymous_19)
FNF:20
FNH:1
FNDA:1,(anonymous_0)
FNDA:0,(anonymous_1)
FNDA:0,(anonymous_2)
FNDA:0,(anonymous_3)
FNDA:0,(anonymous_4)
FNDA:0,(anonymous_5)
FNDA:0,(anonymous_6)
FNDA:0,(anonymous_7)
FNDA:0,(anonymous_8)
FNDA:0,(anonymous_9)
FNDA:0,(anonymous_10)
FNDA:0,(anonymous_11)
FNDA:0,(anonymous_12)
FNDA:0,(anonymous_13)
FNDA:0,(anonymous_14)
FNDA:0,(anonymous_15)
FNDA:0,(anonymous_16)
FNDA:0,(anonymous_17)
FNDA:0,(anonymous_18)
FNDA:0,(anonymous_19)
DA:1,1
DA:2,1
DA:6,1
DA:13,0
DA:15,0
DA:16,0
DA:17,0
DA:20,0
DA:22,0
DA:39,0
DA:40,0
DA:41,0
DA:44,0
DA:45,0
DA:46,0
DA:51,0
DA:52,0
DA:54,0
DA:71,0
DA:72,0
DA:73,0
DA:76,0
DA:77,0
DA:82,0
DA:83,0
DA:148,0
DA:149,0
DA:151,0
DA:184,0
DA:186,0
DA:187,0
DA:188,0
DA:192,0
DA:199,0
DA:200,0
DA:210,0
DA:212,0
DA:213,0
DA:214,0
DA:218,0
DA:223,0
DA:224,0
DA:233,0
DA:310,0
DA:311,0
DA:313,0
DA:314,0
DA:315,0
DA:316,0
DA:317,0
DA:321,0
DA:325,0
DA:336,0
DA:340,0
DA:341,0
DA:348,0
DA:349,0
DA:352,0
DA:361,0
DA:373,0
DA:389,0
DA:392,0
DA:393,0
DA:394,0
DA:397,0
DA:400,0
DA:401,0
DA:407,0
DA:408,0
DA:416,0
DA:419,0
DA:420,0
DA:422,0
DA:423,0
DA:425,0
DA:426,0
DA:430,0
DA:431,0
DA:433,0
DA:434,0
DA:438,0
DA:439,0
DA:440,0
DA:442,0
DA:443,0
DA:447,0
DA:448,0
DA:449,0
DA:454,0
DA:455,0
DA:458,0
DA:459,0
DA:461,0
DA:462,0
DA:464,0
DA:465,0
DA:468,0
DA:469,0
DA:474,0
DA:475,0
DA:476,0
DA:477,0
DA:480,0
DA:497,0
DA:498,0
DA:499,0
DA:502,0
DA:503,0
DA:509,0
DA:510,0
DA:511,0
DA:512,0
DA:515,0
DA:532,0
DA:533,0
DA:534,0
DA:537,0
DA:538,0
DA:544,0
DA:545,0
DA:546,0
DA:547,0
DA:551,0
DA:559,0
DA:560,0
DA:566,0
DA:567,0
DA:568,0
DA:569,0
DA:573,0
DA:581,0
DA:582,0
DA:588,0
DA:629,0
DA:656,1
LF:135
LH:4
BRDA:7,0,0,1
BRDA:7,0,1,0
BRDA:8,1,0,1
BRDA:8,1,1,1
BRDA:15,2,0,0
BRDA:15,2,1,0
BRDA:15,3,0,0
BRDA:15,3,1,0
BRDA:187,4,0,0
BRDA:187,4,1,0
BRDA:213,5,0,0
BRDA:213,5,1,0
BRDA:315,6,0,0
BRDA:315,6,1,0
BRDA:336,7,0,0
BRDA:336,7,1,0
BRDA:342,8,0,0
BRDA:342,8,1,0
BRDA:343,9,0,0
BRDA:343,9,1,0
BRDA:344,10,0,0
BRDA:344,10,1,0
BRDA:345,11,0,0
BRDA:345,11,1,0
BRDA:348,12,0,0
BRDA:348,12,1,0
BRDA:394,13,0,0
BRDA:394,13,1,0
BRDA:419,14,0,0
BRDA:419,14,1,0
BRDA:419,15,0,0
BRDA:419,15,1,0
BRDA:422,16,0,0
BRDA:422,16,1,0
BRDA:422,17,0,0
BRDA:422,17,1,0
BRDA:425,18,0,0
BRDA:425,18,1,0
BRDA:425,19,0,0
BRDA:425,19,1,0
BRDA:430,20,0,0
BRDA:430,20,1,0
BRDA:430,21,0,0
BRDA:430,21,1,0
BRDA:433,22,0,0
BRDA:433,22,1,0
BRDA:433,23,0,0
BRDA:433,23,1,0
BRDA:438,24,0,0
BRDA:438,24,1,0
BRDA:439,25,0,0
BRDA:439,25,1,0
BRDA:442,26,0,0
BRDA:442,26,1,0
BRDA:447,27,0,0
BRDA:447,27,1,0
BRDA:448,28,0,0
BRDA:448,28,1,0
BRDA:448,29,0,0
BRDA:448,29,1,0
BRDA:458,30,0,0
BRDA:458,30,1,0
BRDA:461,31,0,0
BRDA:461,31,1,0
BRDA:464,32,0,0
BRDA:464,32,1,0
BRDA:475,33,0,0
BRDA:475,33,1,0
BRDA:475,34,0,0
BRDA:475,34,1,0
BRDA:510,35,0,0
BRDA:510,35,1,0
BRDA:510,36,0,0
BRDA:510,36,1,0
BRDA:546,37,0,0
BRDA:546,37,1,0
BRDA:568,38,0,0
BRDA:568,38,1,0
BRF:78
BRH:3
end_of_record
TN:
SF:services\emailValidationService.js
FN:10,(anonymous_0)
FN:46,(anonymous_1)
FN:70,(anonymous_2)
FN:104,(anonymous_3)
FN:114,(anonymous_4)
FNF:5
FNH:0
FNDA:0,(anonymous_0)
FNDA:0,(anonymous_1)
FNDA:0,(anonymous_2)
FNDA:0,(anonymous_3)
FNDA:0,(anonymous_4)
DA:1,0
DA:2,0
DA:11,0
DA:13,0
DA:14,0
DA:15,0
DA:19,0
DA:22,0
DA:23,0
DA:24,0
DA:28,0
DA:29,0
DA:30,0
DA:33,0
DA:35,0
DA:37,0
DA:47,0
DA:48,0
DA:49,0
DA:50,0
DA:52,0
DA:55,0
DA:56,0
DA:57,0
DA:58,0
DA:60,0
DA:61,0
DA:71,0
DA:73,0
DA:79,0
DA:80,0
DA:84,0
DA:85,0
DA:86,0
DA:88,0
DA:89,0
DA:91,0
DA:94,0
DA:95,0
DA:105,0
DA:106,0
DA:115,0
DA:116,0
DA:122,0
DA:123,0
DA:127,0
DA:131,0
LF:47
LH:0
BRDA:14,0,0,0
BRDA:14,0,1,0
BRDA:23,1,0,0
BRDA:23,1,1,0
BRDA:29,2,0,0
BRDA:29,2,1,0
BRDA:49,3,0,0
BRDA:49,3,1,0
BRDA:49,4,0,0
BRDA:49,4,1,0
BRDA:55,5,0,0
BRDA:55,5,1,0
BRDA:57,6,0,0
BRDA:57,6,1,0
BRDA:79,7,0,0
BRDA:79,7,1,0
BRDA:88,8,0,0
BRDA:88,8,1,0
BRDA:122,9,0,0
BRDA:122,9,1,0
BRDA:127,10,0,0
BRDA:127,10,1,0
BRF:22
BRH:0
end_of_record
TN:
SF:services\fileUploadService.js
FN:8,(anonymous_0)
FN:23,(anonymous_1)
FN:34,(anonymous_2)
FN:36,(anonymous_3)
FN:39,(anonymous_4)
FN:45,(anonymous_5)
FN:69,(anonymous_6)
FN:103,(anonymous_7)
FN:104,(anonymous_8)
FN:118,(anonymous_9)
FN:165,(anonymous_10)
FN:201,(anonymous_11)
FN:202,(anonymous_12)
FN:211,(anonymous_13)
FN:222,(anonymous_14)
FNF:15
FNH:2
FNDA:1,(anonymous_0)
FNDA:1,(anonymous_1)
FNDA:0,(anonymous_2)
FNDA:0,(anonymous_3)
FNDA:0,(anonymous_4)
FNDA:0,(anonymous_5)
FNDA:0,(anonymous_6)
FNDA:0,(anonymous_7)
FNDA:0,(anonymous_8)
FNDA:0,(anonymous_9)
FNDA:0,(anonymous_10)
FNDA:0,(anonymous_11)
FNDA:0,(anonymous_12)
FNDA:0,(anonymous_13)
FNDA:0,(anonymous_14)
DA:1,1
DA:2,1
DA:3,1
DA:4,1
DA:5,1
DA:9,1
DA:10,1
DA:11,1
DA:16,1
DA:17,1
DA:24,1
DA:25,1
DA:27,0
DA:35,0
DA:37,0
DA:40,0
DA:41,0
DA:45,0
DA:46,0
DA:47,0
DA:48,0
DA:50,0
DA:54,0
DA:70,0
DA:71,0
DA:73,0
DA:74,0
DA:76,0
DA:78,0
DA:79,0
DA:82,0
DA:83,0
DA:95,0
DA:98,0
DA:103,0
DA:104,0
DA:108,0
DA:109,0
DA:119,0
DA:120,0
DA:121,0
DA:122,0
DA:124,0
DA:125,0
DA:127,0
DA:128,0
DA:130,0
DA:131,0
DA:132,0
DA:135,0
DA:136,0
DA:147,0
DA:153,0
DA:155,0
DA:156,0
DA:166,0
DA:193,0
DA:202,0
DA:203,0
DA:212,0
DA:213,0
DA:215,0
DA:223,0
DA:224,0
DA:225,0
DA:226,0
DA:228,0
DA:229,0
DA:230,0
DA:232,0
DA:233,0
DA:234,0
DA:238,0
DA:243,1
LF:74
LH:13
BRDA:47,0,0,0
BRDA:47,0,1,0
BRDA:76,1,0,0
BRDA:76,1,1,0
BRDA:125,2,0,0
BRDA:125,2,1,0
BRDA:127,3,0,0
BRDA:127,3,1,0
BRDA:130,4,0,0
BRDA:130,4,1,0
BRDA:130,5,0,0
BRDA:130,5,1,0
BRDA:135,6,0,0
BRDA:135,6,1,0
BRDA:135,7,0,0
BRDA:135,7,1,0
BRDA:193,8,0,0
BRDA:193,8,1,0
BRDA:232,9,0,0
BRDA:232,9,1,0
BRF:20
BRH:0
end_of_record
TN:
SF:services\githubService.js
FN:5,(anonymous_0)
FN:20,(anonymous_1)
FN:62,(anonymous_2)
FN:87,(anonymous_3)
FN:105,(anonymous_4)
FN:135,(anonymous_5)
FN:136,(anonymous_6)
FN:153,(anonymous_7)
FN:200,(anonymous_8)
FN:209,(anonymous_9)
FN:245,(anonymous_10)
FN:246,(anonymous_11)
FNF:12
FNH:1
FNDA:1,(anonymous_0)
FNDA:0,(anonymous_1)
FNDA:0,(anonymous_2)
FNDA:0,(anonymous_3)
FNDA:0,(anonymous_4)
FNDA:0,(anonymous_5)
FNDA:0,(anonymous_6)
FNDA:0,(anonymous_7)
FNDA:0,(anonymous_8)
FNDA:0,(anonymous_9)
FNDA:0,(anonymous_10)
FNDA:0,(anonymous_11)
DA:1,1
DA:2,1
DA:6,1
DA:7,1
DA:8,1
DA:21,0
DA:23,0
DA:34,0
DA:35,0
DA:36,0
DA:37,0
DA:47,0
DA:49,0
DA:50,0
DA:63,0
DA:64,0
DA:65,0
DA:67,0
DA:68,0
DA:70,0
DA:72,0
DA:73,0
DA:74,0
DA:75,0
DA:78,0
DA:88,0
DA:89,0
DA:93,0
DA:95,0
DA:96,0
DA:106,0
DA:107,0
DA:108,0
DA:109,0
DA:112,0
DA:115,0
DA:116,0
DA:117,0
DA:121,0
DA:123,0
DA:135,0
DA:136,0
DA:140,0
DA:141,0
DA:154,0
DA:155,0
DA:157,0
DA:158,0
DA:160,0
DA:161,0
DA:162,0
DA:163,0
DA:164,0
DA:165,0
DA:175,0
DA:178,0
DA:180,0
DA:181,0
DA:182,0
DA:183,0
DA:184,0
DA:187,0
DA:192,0
DA:201,0
DA:210,0
DA:237,0
DA:246,0
DA:247,0
DA:252,1
LF:69
LH:6
BRDA:36,0,0,0
BRDA:36,0,1,0
BRDA:40,1,0,0
BRDA:40,1,1,0
BRDA:41,2,0,0
BRDA:41,2,1,0
BRDA:62,3,0,0
BRDA:62,4,0,0
BRDA:70,5,0,0
BRDA:70,5,1,0
BRDA:72,6,0,0
BRDA:72,6,1,0
BRDA:74,7,0,0
BRDA:74,7,1,0
BRDA:108,8,0,0
BRDA:108,8,1,0
BRDA:116,9,0,0
BRDA:116,9,1,0
BRDA:158,10,0,0
BRDA:158,10,1,0
BRDA:160,11,0,0
BRDA:160,11,1,0
BRDA:162,12,0,0
BRDA:162,12,1,0
BRDA:178,13,0,0
BRDA:178,13,1,0
BRDA:178,14,0,0
BRDA:178,14,1,0
BRDA:182,15,0,0
BRDA:182,15,1,0
BRDA:237,16,0,0
BRDA:237,16,1,0
BRF:32
BRH:0
end_of_record
TN:
SF:utils\logger.js
FNF:0
FNH:0
DA:1,2
DA:3,2
DA:18,2
DA:19,2
DA:27,2
LF:5
LH:5
BRDA:4,0,0,2
BRDA:4,0,1,2
BRDA:18,1,0,2
BRDA:18,1,1,0
BRF:4
BRH:3
end_of_record
TN:
SF:utils\validator.js
FN:111,(anonymous_0)
FN:114,(anonymous_1)
FN:120,(anonymous_2)
FN:139,(anonymous_3)
FN:155,(anonymous_4)
FN:165,(anonymous_5)
FN:168,(anonymous_6)
FN:177,(anonymous_7)
FN:180,(anonymous_8)
FN:190,(anonymous_9)
FNF:10
FNH:2
FNDA:0,(anonymous_0)
FNDA:0,(anonymous_1)
FNDA:6,(anonymous_2)
FNDA:5,(anonymous_3)
FNDA:0,(anonymous_4)
FNDA:0,(anonymous_5)
FNDA:0,(anonymous_6)
FNDA:0,(anonymous_7)
FNDA:0,(anonymous_8)
FNDA:0,(anonymous_9)
DA:1,1
DA:5,1
DA:67,1
DA:112,0
DA:113,0
DA:114,0
DA:115,0
DA:118,0
DA:121,6
DA:122,1
DA:125,5
DA:126,0
DA:132,5
DA:140,5
DA:141,0
DA:144,5
DA:145,0
DA:148,5
DA:158,0
DA:165,0
DA:170,0
DA:177,0
DA:181,0
DA:183,0
DA:184,0
DA:186,0
DA:191,0
DA:192,0
DA:195,0
DA:203,1
LF:30
LH:11
BRDA:114,0,0,0
BRDA:114,0,1,0
BRDA:121,1,0,1
BRDA:121,1,1,5
BRDA:121,2,0,6
BRDA:121,2,1,5
BRDA:125,3,0,0
BRDA:125,3,1,5
BRDA:140,4,0,0
BRDA:140,4,1,5
BRDA:140,5,0,5
BRDA:140,5,1,5
BRDA:144,6,0,0
BRDA:144,6,1,5
BRDA:191,7,0,0
BRDA:191,7,1,0
BRF:16
BRH:9
end_of_record
